Determining if the include file pthread.h exists failed with the following output:
Change Dir: C:/HomeProjects/Conf/Adc++_19/samples/build/CMakeFiles/CMakeTmp

Run Build Command:"C:/VisualStudio2017/MSBuild/15.0/Bin/MSBuild.exe" "cmTC_33dab.vcxproj" "/p:Configuration=Debug" "/p:VisualStudioVersion=15.0"
Microsoft (R) Build Engine version 15.9.21+g9802d43bc3 for .NET Framework
Copyright (C) Microsoft Corporation. All rights reserved.

Build started 23.05.2019 06:50:53.
Project "C:\HomeProjects\Conf\Adc++_19\samples\build\CMakeFiles\CMakeTmp\cmTC_33dab.vcxproj" on node 1 (default targets).
PrepareForBuild:
  Creating directory "cmTC_33dab.dir\Debug\".
  Creating directory "C:\HomeProjects\Conf\Adc++_19\samples\build\CMakeFiles\CMakeTmp\Debug\".
  Creating directory "cmTC_33dab.dir\Debug\cmTC_33dab.tlog\".
InitializeBuildStatus:
  Creating "cmTC_33dab.dir\Debug\cmTC_33dab.tlog\unsuccessfulbuild" because "AlwaysCreate" was specified.
VcpkgTripletSelection:
  Using triplet "x86-windows" from "C:\github\vcpkg\installed\x86-windows\"
ClCompile:
  C:\VisualStudio2017\VC\Tools\MSVC\14.16.27023\bin\HostX86\x86\CL.exe /c /I"C:\github\vcpkg\installed\x86-windows\include" /Zi /W3 /WX- /diagnostics:classic /Od /Ob0 /Oy- /D WIN32 /D _WINDOWS /D "CMAKE_INTDIR=\"Debug\"" /D _MBCS /Gm- /RTC1 /MDd /GS /fp:precise /Zc:wchar_t /Zc:forScope /Zc:inline /Fo"cmTC_33dab.dir\Debug\\" /Fd"cmTC_33dab.dir\Debug\vc141.pdb" /Gd /TC /analyze- /FC /errorReport:queue C:\HomeProjects\Conf\Adc++_19\samples\build\CMakeFiles\CMakeTmp\CheckIncludeFile.c
  Microsoft (R) C/C++ Optimizing Compiler Version 19.16.27031.1 for x86
  Copyright (C) Microsoft Corporation.  All rights reserved.
  
  cl /c /I"C:\github\vcpkg\installed\x86-windows\include" /Zi /W3 /WX- /diagnostics:classic /Od /Ob0 /Oy- /D WIN32 /D _WINDOWS /D "CMAKE_INTDIR=\"Debug\"" /D _MBCS /Gm- /RTC1 /MDd /GS /fp:precise /Zc:wchar_t /Zc:forScope /Zc:inline /Fo"cmTC_33dab.dir\Debug\\" /Fd"cmTC_33dab.dir\Debug\vc141.pdb" /Gd /TC /analyze- /FC /errorReport:queue C:\HomeProjects\Conf\Adc++_19\samples\build\CMakeFiles\CMakeTmp\CheckIncludeFile.c
  CheckIncludeFile.c
  
c:\homeprojects\conf\adc++_19\samples\build\cmakefiles\cmaketmp\checkincludefile.c(1): fatal error C1083: Cannot open include file: 'pthread.h': No such file or directory [C:\HomeProjects\Conf\Adc++_19\samples\build\CMakeFiles\CMakeTmp\cmTC_33dab.vcxproj]
Done Building Project "C:\HomeProjects\Conf\Adc++_19\samples\build\CMakeFiles\CMakeTmp\cmTC_33dab.vcxproj" (default targets) -- FAILED.

Build FAILED.

"C:\HomeProjects\Conf\Adc++_19\samples\build\CMakeFiles\CMakeTmp\cmTC_33dab.vcxproj" (default target) (1) ->
(ClCompile target) -> 
  c:\homeprojects\conf\adc++_19\samples\build\cmakefiles\cmaketmp\checkincludefile.c(1): fatal error C1083: Cannot open include file: 'pthread.h': No such file or directory [C:\HomeProjects\Conf\Adc++_19\samples\build\CMakeFiles\CMakeTmp\cmTC_33dab.vcxproj]

    0 Warning(s)
    1 Error(s)

Time Elapsed 00:00:00.39


